[
  [
    [
      {
        "Plan": {
          "Node Type": "Hash Join",
          "Parallel Aware": false,
          "Async Capable": false,
          "Join Type": "Inner",
          "Startup Cost": 10477.98,
          "Total Cost": 110163.58,
          "Plan Rows": 1499999,
          "Plan Width": 266,
          "Actual Startup Time": 83.962,
          "Actual Total Time": 1561.757,
          "Actual Rows": 1499993,
          "Actual Loops": 1,
          "Output": [
            "c.c_custkey",
            "c.c_name",
            "c.c_address",
            "c.c_nationkey",
            "c.c_phone",
            "c.c_acctbal",
            "c.c_mktsegment",
            "c.c_comment",
            "o.o_orderkey",
            "o.o_custkey",
            "o.o_orderstatus",
            "o.o_totalprice",
            "o.o_orderdate",
            "o.o_orderpriority",
            "o.o_clerk",
            "o.o_shippriority",
            "o.o_comment"
          ],
          "Inner Unique": true,
          "Hash Cond": "(o.o_custkey = c.c_custkey)",
          "Plans": [
            {
              "Node Type": "Seq Scan",
              "Parent Relationship": "Outer",
              "Parallel Aware": false,
              "Async Capable": false,
              "Relation Name": "orders",
              "Schema": "public",
              "Alias": "o",
              "Startup Cost": 0.0,
              "Total Cost": 42571.99,
              "Plan Rows": 1499999,
              "Plan Width": 107,
              "Actual Startup Time": 0.055,
              "Actual Total Time": 292.061,
              "Actual Rows": 1499999,
              "Actual Loops": 1,
              "Output": [
                "o.o_orderkey",
                "o.o_custkey",
                "o.o_orderstatus",
                "o.o_totalprice",
                "o.o_orderdate",
                "o.o_orderpriority",
                "o.o_clerk",
                "o.o_shippriority",
                "o.o_comment"
              ]
            },
            {
              "Node Type": "Hash",
              "Parent Relationship": "Inner",
              "Parallel Aware": false,
              "Async Capable": false,
              "Startup Cost": 5232.99,
              "Total Cost": 5232.99,
              "Plan Rows": 149999,
              "Plan Width": 159,
              "Actual Startup Time": 82.268,
              "Actual Total Time": 82.269,
              "Actual Rows": 149999,
              "Actual Loops": 1,
              "Output": [
                "c.c_custkey",
                "c.c_name",
                "c.c_address",
                "c.c_nationkey",
                "c.c_phone",
                "c.c_acctbal",
                "c.c_mktsegment",
                "c.c_comment"
              ],
              "Hash Buckets": 32768,
              "Original Hash Buckets": 32768,
              "Hash Batches": 8,
              "Original Hash Batches": 8,
              "Peak Memory Usage": 3858,
              "Plans": [
                {
                  "Node Type": "Seq Scan",
                  "Parent Relationship": "Outer",
                  "Parallel Aware": false,
                  "Async Capable": false,
                  "Relation Name": "customer",
                  "Schema": "public",
                  "Alias": "c",
                  "Startup Cost": 0.0,
                  "Total Cost": 5232.99,
                  "Plan Rows": 149999,
                  "Plan Width": 159,
                  "Actual Startup Time": 0.009,
                  "Actual Total Time": 26.693,
                  "Actual Rows": 149999,
                  "Actual Loops": 1,
                  "Output": [
                    "c.c_custkey",
                    "c.c_name",
                    "c.c_address",
                    "c.c_nationkey",
                    "c.c_phone",
                    "c.c_acctbal",
                    "c.c_mktsegment",
                    "c.c_comment"
                  ]
                }
              ]
            }
          ]
        },
        "Planning Time": 1.04,
        "Triggers": [],
        "Execution Time": 1590.736
      }
    ]
  ]
]